app/build/outputs/mapping/release/seeds.txt
com.wubydax.romcontrol.v2.AboutActivity
com.wubydax.romcontrol.v2.AboutActivity: AboutActivity()
com.wubydax.romcontrol.v2.AboutActivity: void onClick(android.view.View)
com.wubydax.romcontrol.v2.MainActivity
com.wubydax.romcontrol.v2.MainActivity: MainActivity()
com.wubydax.romcontrol.v2.MyApp
com.wubydax.romcontrol.v2.MyApp: MyApp()
com.wubydax.romcontrol.v2.PrefsFragment$1: void onClick(android.view.View)
com.wubydax.romcontrol.v2.R$anim: int abc_fade_in
com.wubydax.romcontrol.v2.R$anim: int abc_fade_out
com.wubydax.romcontrol.v2.R$anim: int abc_grow_fade_in_from_bottom
com.wubydax.romcontrol.v2.R$anim: int abc_popup_enter
com.wubydax.romcontrol.v2.R$anim: int abc_popup_exit
com.wubydax.romcontrol.v2.R$anim: int abc_shrink_fade_out_from_bottom
com.wubydax.romcontrol.v2.R$anim: int abc_slide_in_bottom
com.wubydax.romcontrol.v2.R$anim: int abc_slide_in_top
com.wubydax.romcontrol.v2.R$anim: int abc_slide_out_bottom
com.wubydax.romcontrol.v2.R$anim: int abc_slide_out_top
com.wubydax.romcontrol.v2.R$anim: int design_appbar_state_list_animator
com.wubydax.romcontrol.v2.R$anim: int design_bottom_sheet_slide_in
com.wubydax.romcontrol.v2.R$anim: int design_bottom_sheet_slide_out
com.wubydax.romcontrol.v2.R$anim: int design_fab_in
com.wubydax.romcontrol.v2.R$anim: int design_fab_out
com.wubydax.romcontrol.v2.R$anim: int design_snackbar_in
com.wubydax.romcontrol.v2.R$anim: int design_snackbar_out
com.wubydax.romcontrol.v2.R$anim: int fade_in
com.wubydax.romcontrol.v2.R$anim: int fade_out
com.wubydax.romcontrol.v2.R$animator: int fadein
com.wubydax.romcontrol.v2.R$animator: int fadeout
com.wubydax.romcontrol.v2.R$array: int CallDelayName
com.wubydax.romcontrol.v2.R$array: int CallDelayValue
com.wubydax.romcontrol.v2.R$array: int SignalPositionName
com.wubydax.romcontrol.v2.R$array: int SignalPositionValue
com.wubydax.romcontrol.v2.R$array: int TrafficName
com.wubydax.romcontrol.v2.R$array: int TrafficValue
com.wubydax.romcontrol.v2.R$array: int about_contact_us_drawables
com.wubydax.romcontrol.v2.R$array: int about_contact_us_links
com.wubydax.romcontrol.v2.R$array: int about_contact_us_text
com.wubydax.romcontrol.v2.R$array: int about_credits_drawables
com.wubydax.romcontrol.v2.R$array: int about_credits_links
com.wubydax.romcontrol.v2.R$array: int about_credits_names
com.wubydax.romcontrol.v2.R$array: int about_team_drawables
com.wubydax.romcontrol.v2.R$array: int about_team_links
com.wubydax.romcontrol.v2.R$array: int about_team_names
com.wubydax.romcontrol.v2.R$array: int arrow_position_entries
com.wubydax.romcontrol.v2.R$array: int arrow_position_values
com.wubydax.romcontrol.v2.R$array: int backup_restore_items
com.wubydax.romcontrol.v2.R$array: int battery_bar_entries
com.wubydax.romcontrol.v2.R$array: int battery_bar_style_entries
com.wubydax.romcontrol.v2.R$array: int battery_bar_style_values
com.wubydax.romcontrol.v2.R$array: int battery_bar_thickness_entries
com.wubydax.romcontrol.v2.R$array: int battery_bar_thickness_values
com.wubydax.romcontrol.v2.R$array: int battery_bar_values
com.wubydax.romcontrol.v2.R$array: int battery_icon_entries
...
android.support.v7.widget.ActionBarContainer
android.support.v7.widget.ActionBarContainer: ActionBarContainer(android.content.Context)
android.support.v7.widget.ActionBarContainer: ActionBarContainer(android.content.Context,android.util.AttributeSet)
android.support.v7.widget.ActionBarContainer: void setPrimaryBackground(android.graphics.drawable.Drawable)
android.support.v7.widget.ActionBarContainer: void setStackedBackground(android.graphics.drawable.Drawable)
android.support.v7.widget.ActionBarContainer: void setSplitBackground(android.graphics.drawable.Drawable)
android.support.v7.widget.ActionBarContainer: void setVisibility(int)
android.support.v7.widget.ActionBarContainer: void setTransitioning(boolean)
android.support.v7.widget.ActionBarContainer: void setTabContainer(android.support.v7.widget.ScrollingTabContainerView)
android.support.v7.widget.ActionBarContainer: android.view.View getTabContainer()
android.support.v7.widget.ActionBarContextView
android.support.v7.widget.ActionBarContextView: ActionBarContextView(android.content.Context)
android.support.v7.widget.ActionBarContextView: ActionBarContextView(android.content.Context,android.util.AttributeSet)
android.support.v7.widget.ActionBarContextView: ActionBarContextView(android.content.Context,android.util.AttributeSet,int)
android.support.v7.widget.ActionBarContextView: void setContentHeight(int)
android.support.v7.widget.ActionBarContextView: void setCustomView(android.view.View)
android.support.v7.widget.ActionBarContextView: void setTitle(java.lang.CharSequence)
android.support.v7.widget.ActionBarContextView: void setSubtitle(java.lang.CharSequence)
android.support.v7.widget.ActionBarContextView: java.lang.CharSequence getTitle()
android.support.v7.widget.ActionBarContextView: java.lang.CharSequence getSubtitle()
android.support.v7.widget.ActionBarContextView: void setTitleOptional(boolean)
android.support.v7.widget.ActionBarContextView: void setVisibility(int)
android.support.v7.widget.ActionBarContextView: int getAnimatedVisibility()
android.support.v7.widget.ActionBarContextView: int getContentHeight()
android.support.v7.widget.ActionBarContextView$1: void onClick(android.view.View)
android.support.v7.widget.ActionBarOverlayLayout
android.support.v7.widget.ActionBarOverlayLayout: ActionBarOverlayLayout(android.content.Context)
android.support.v7.widget.ActionBarOverlayLayout: ActionBarOverlayLayout(android.content.Context,android.util.AttributeSet)
android.support.v7.widget.ActionBarOverlayLayout: void setActionBarVisibilityCallback(android.support.v7.widget.ActionBarOverlayLayout$ActionBarVisibilityCallback)
android.support.v7.widget.ActionBarOverlayLayout: void setOverlayMode(boolean)
android.support.v7.widget.ActionBarOverlayLayout: void setHasNonEmbeddedTabs(boolean)
android.support.v7.widget.ActionBarOverlayLayout: void setShowingForActionMode(boolean)
android.support.v7.widget.ActionBarOverlayLayout: int getNestedScrollAxes()
android.support.v7.widget.ActionBarOverlayLayout: void setHideOnContentScrollEnabled(boolean)
android.support.v7.widget.ActionBarOverlayLayout: int getActionBarHideOffset()
android.support.v7.widget.ActionBarOverlayLayout: void setActionBarHideOffset(int)
android.support.v7.widget.ActionBarOverlayLayout: void setWindowCallback(android.view.Window$Callback)
android.support.v7.widget.ActionBarOverlayLayout: void setWindowTitle(java.lang.CharSequence)
android.support.v7.widget.ActionBarOverlayLayout: java.lang.CharSequence getTitle()
android.support.v7.widget.ActionBarOverlayLayout: void setUiOptions(int)
android.support.v7.widget.ActionBarOverlayLayout: void setIcon(int)
android.support.v7.widget.ActionMenuPresenter$SavedState: android.os.Parcelable$Creator CREATOR