app/build/outputs/mapping/release/mapping.txt
com.wubydax.romcontrol.v2.AboutActivity -> com.wubydax.romcontrol.v2.AboutActivity:
    java.lang.Integer[] mContactUsIds -> n
    java.lang.Integer[] mTeamIds -> o
    java.lang.Integer[] mCreditsIds -> p
    boolean $assertionsDisabled -> m
    void <init>() -> <init>
    void onCreate(android.os.Bundle) -> onCreate
    void setUpCreditsItems() -> e
    void setUpTeamItems() -> f
    void setUpAboutItems() -> g
    void onClick(android.view.View) -> onClick
    void <clinit>() -> <clinit>
com.wubydax.romcontrol.v2.MainActivity -> com.wubydax.romcontrol.v2.MainActivity:
    android.app.ProgressDialog mProgressDialog -> n
    android.app.FragmentManager mFragmentManager -> o
    android.content.SharedPreferences mSharedPreferences -> p
    java.util.ArrayList mNavMenuItemsIds -> q
    boolean $assertionsDisabled -> m
    void <init>() -> <init>
    void onCreate(android.os.Bundle) -> onCreate
    void setUpPrefsMenu(android.view.Menu) -> a
    void onBackPressed() -> onBackPressed
    boolean onCreateOptionsMenu(android.view.Menu) -> onCreateOptionsMenu
    boolean onOptionsItemSelected(android.view.MenuItem) -> onOptionsItemSelected
    boolean onNavigationItemSelected(android.view.MenuItem) -> a
    void launchBackupRestoreService(int,java.lang.String) -> a
    void loadPrefsFragment(java.lang.String) -> a
    void onTaskCompleted(boolean) -> b
    void onDialogResult(int) -> b
    void onBackupRestoreResult(int) -> c
    void onPause() -> onPause
    void onRestoreRequested(java.lang.String,boolean) -> a
    android.view.View getDecorView() -> e
    void <clinit>() -> <clinit>
com.wubydax.romcontrol.v2.MyApp -> com.wubydax.romcontrol.v2.MyApp:
    android.content.Context mContext -> a
    void <init>() -> <init>
    android.content.Context getContext() -> a
    void onCreate() -> onCreate
    void onLowMemory() -> onLowMemory
com.wubydax.romcontrol.v2.PrefsFragment -> com.wubydax.romcontrol.v2.a:
    java.lang.String LOG_TAG -> a
    android.content.Context mContext -> b
    android.content.SharedPreferences mSharedPreferences -> c
    java.lang.String mUriPreferenceKey -> d
    void <init>() -> <init>
    com.wubydax.romcontrol.v2.PrefsFragment newInstance(java.lang.String) -> a
    void onCreate(android.os.Bundle) -> onCreate
    void onActivityResult(int,int,android.content.Intent) -> onActivityResult
    void iteratePrefs(android.preference.PreferenceGroup) -> a
    boolean onPreferenceClick(android.preference.Preference) -> onPreferenceClick
    void onUriSelectionRequested(java.lang.String) -> b
    void <clinit>() -> <clinit>
com.wubydax.romcontrol.v2.PrefsFragment$1 -> com.wubydax.romcontrol.v2.a$1:
    android.app.Dialog val$dialog -> a
    com.wubydax.romcontrol.v2.PrefsFragment this$0 -> b
    void <init>(com.wubydax.romcontrol.v2.PrefsFragment,android.app.Dialog) -> <init>
    void onClick(android.view.View) -> onClick
com.wubydax.romcontrol.v2.R -> com.wubydax.romcontrol.v2.b:
...
android.support.v7.app.AlertController$2 -> android.support.v7.a.d$2:
    android.view.View val$top -> a
    android.view.View val$bottom -> b
    android.support.v7.app.AlertController this$0 -> c
    void <init>(android.support.v7.app.AlertController,android.view.View,android.view.View) -> <init>
    void onScrollChange$227623bf(android.support.v4.widget.NestedScrollView) -> a
android.support.v7.app.AlertController$3 -> android.support.v7.a.d$3:
    android.view.View val$top -> a
    android.view.View val$bottom -> b
    android.support.v7.app.AlertController this$0 -> c
    void <init>(android.support.v7.app.AlertController,android.view.View,android.view.View) -> <init>
    void run() -> run
android.support.v7.app.AlertController$4 -> android.support.v7.a.d$4:
    android.view.View val$top -> a
    android.view.View val$bottom -> b
    android.support.v7.app.AlertController this$0 -> c
    void <init>(android.support.v7.app.AlertController,android.view.View,android.view.View) -> <init>
    void onScrollStateChanged(android.widget.AbsListView,int) -> onScrollStateChanged
    void onScroll(android.widget.AbsListView,int,int,int) -> onScroll
android.support.v7.app.AlertController$5 -> android.support.v7.a.d$5:
    android.view.View val$top -> a
    android.view.View val$bottom -> b
    android.support.v7.app.AlertController this$0 -> c
    void <init>(android.support.v7.app.AlertController,android.view.View,android.view.View) -> <init>
    void run() -> run
android.support.v7.app.AlertController$AlertParams -> android.support.v7.a.d$a:
    android.content.Context mContext -> a
    android.view.LayoutInflater mInflater -> b
    int mIconId -> c
    android.graphics.drawable.Drawable mIcon -> d
    int mIconAttrId -> e
    java.lang.CharSequence mTitle -> f
    android.view.View mCustomTitleView -> g
    java.lang.CharSequence mMessage -> h
    java.lang.CharSequence mPositiveButtonText -> i
    android.content.DialogInterface$OnClickListener mPositiveButtonListener -> j
    java.lang.CharSequence mNegativeButtonText -> k
    android.content.DialogInterface$OnClickListener mNegativeButtonListener -> l
    java.lang.CharSequence mNeutralButtonText -> m
    android.content.DialogInterface$OnClickListener mNeutralButtonListener -> n
    boolean mCancelable -> o
    android.content.DialogInterface$OnCancelListener mOnCancelListener -> p
    android.content.DialogInterface$OnDismissListener mOnDismissListener -> q
    android.content.DialogInterface$OnKeyListener mOnKeyListener -> r
    java.lang.CharSequence[] mItems -> s
    android.widget.ListAdapter mAdapter -> t
    android.content.DialogInterface$OnClickListener mOnClickListener -> u
    int mViewLayoutResId -> v
    android.view.View mView -> w
    int mViewSpacingLeft -> x
    int mViewSpacingTop -> y
    int mViewSpacingRight -> z
    int mViewSpacingBottom -> A
    boolean mViewSpacingSpecified -> B
    boolean[] mCheckedItems -> C
    boolean mIsMultiChoice -> D
android.support.v7.app.AlertController$AlertParams$1 -> android.support.v7.a.d$a$1:
    android.widget.ListView val$listView -> a
    android.support.v7.app.AlertController$AlertParams this$0 -> b
    void <init>(android.support.v7.app.AlertController$AlertParams,android.content.Context,int,java.lang.CharSequence[],android.widget.ListView) -> <init>
    android.view.View getView(int,android.view.View,android.view.ViewGroup) -> getView